0 info it worked if it ends with ok
1 verbose cli [ 'C:\\Program Files (x86)\\Nodist\\v-x64\\10.15.1\\node.exe',
1 verbose cli   'C:\\Program Files (x86)\\Nodist\\npmv\\4.0.5\\bin\\npm-cli.js',
1 verbose cli   'install',
1 verbose cli   '--save',
1 verbose cli   'heapdump' ]
2 info using npm@4.0.5
3 info using node@v10.15.1
4 silly loadCurrentTree Starting
5 silly install loadCurrentTree
6 silly install readLocalPackageData
7 silly fetchPackageMetaData heapdump
8 silly fetchNamedPackageData heapdump
9 silly mapToRegistry name heapdump
10 silly mapToRegistry using default registry
11 silly mapToRegistry registry https://registry.npmjs.org/
12 silly mapToRegistry data Result {
12 silly mapToRegistry   raw: 'heapdump',
12 silly mapToRegistry   scope: null,
12 silly mapToRegistry   escapedName: 'heapdump',
12 silly mapToRegistry   name: 'heapdump',
12 silly mapToRegistry   rawSpec: '',
12 silly mapToRegistry   spec: 'latest',
12 silly mapToRegistry   type: 'tag' }
13 silly mapToRegistry uri https://registry.npmjs.org/heapdump
14 verbose request uri https://registry.npmjs.org/heapdump
15 verbose request no auth needed
16 info attempt registry request try #1 at 08:14:19
17 verbose request id 3a4f972de5bef723
18 verbose etag W/"10e35ea8256674594957aaed328c6aac"
19 verbose lastModified Fri, 04 Jan 2019 02:46:27 GMT
20 http request GET https://registry.npmjs.org/heapdump
21 info retry will retry, error on last attempt: Error: connect ETIMEDOUT 104.16.20.35:443
22 info attempt registry request try #2 at 08:14:50
23 verbose etag W/"10e35ea8256674594957aaed328c6aac"
24 verbose lastModified Fri, 04 Jan 2019 02:46:27 GMT
25 http request GET https://registry.npmjs.org/heapdump
26 http 304 https://registry.npmjs.org/heapdump
27 verbose headers { date: 'Thu, 31 Jan 2019 00:14:52 GMT',
27 verbose headers   connection: 'keep-alive',
27 verbose headers   'set-cookie':
27 verbose headers    [ '__cfduid=d8bd646f4267021fd63dc88786649c7201548893692; expires=Fri, 31-Jan-20 00:14:52 GMT; path=/; domain=.registry.npmjs.org; HttpOnly' ],
27 verbose headers   'cf-cache-status': 'HIT',
27 verbose headers   'cache-control': 'max-age=300',
27 verbose headers   'cf-ray': '4a17fb08291795e9-SJC',
27 verbose headers   etag: '"10e35ea8256674594957aaed328c6aac"',
27 verbose headers   'expect-ct':
27 verbose headers    'max-age=604800, report-uri="https://report-uri.cloudflare.com/cdn-cgi/beacon/expect-ct"',
27 verbose headers   'last-modified': 'Fri, 04 Jan 2019 02:46:27 GMT',
27 verbose headers   vary: 'accept-encoding, accept',
27 verbose headers   'x-amz-meta-rev': '103-aafbf7daa065126d9223604f0fc448e6',
27 verbose headers   server: 'cloudflare' }
28 silly get cb [ 304,
28 silly get   { date: 'Thu, 31 Jan 2019 00:14:52 GMT',
28 silly get     connection: 'keep-alive',
28 silly get     'set-cookie':
28 silly get      [ '__cfduid=d8bd646f4267021fd63dc88786649c7201548893692; expires=Fri, 31-Jan-20 00:14:52 GMT; path=/; domain=.registry.npmjs.org; HttpOnly' ],
28 silly get     'cf-cache-status': 'HIT',
28 silly get     'cache-control': 'max-age=300',
28 silly get     'cf-ray': '4a17fb08291795e9-SJC',
28 silly get     etag: '"10e35ea8256674594957aaed328c6aac"',
28 silly get     'expect-ct':
28 silly get      'max-age=604800, report-uri="https://report-uri.cloudflare.com/cdn-cgi/beacon/expect-ct"',
28 silly get     'last-modified': 'Fri, 04 Jan 2019 02:46:27 GMT',
28 silly get     vary: 'accept-encoding, accept',
28 silly get     'x-amz-meta-rev': '103-aafbf7daa065126d9223604f0fc448e6',
28 silly get     server: 'cloudflare' } ]
29 verbose etag https://registry.npmjs.org/heapdump from cache
30 verbose get saving heapdump to C:\Users\admin\AppData\Roaming\npm-cache\registry.npmjs.org\heapdump\.cache.json
31 verbose correctMkdir C:\Users\admin\AppData\Roaming\npm-cache correctMkdir not in flight; initializing
32 silly install normalizeTree
33 silly loadCurrentTree Finishing
34 silly loadIdealTree Starting
35 silly install loadIdealTree
36 silly cloneCurrentTree Starting
37 silly install cloneCurrentTreeToIdealTree
38 silly cloneCurrentTree Finishing
39 silly loadShrinkwrap Starting
40 silly install loadShrinkwrap
41 silly loadShrinkwrap Finishing
42 silly loadAllDepsIntoIdealTree Starting
43 silly install loadAllDepsIntoIdealTree
44 silly resolveWithNewModule heapdump@0.3.12 checking installable status
45 silly cache add args [ 'heapdump', null ]
46 verbose cache add spec heapdump
47 silly cache add parsed spec Result {
47 silly cache add   raw: 'heapdump',
47 silly cache add   scope: null,
47 silly cache add   escapedName: 'heapdump',
47 silly cache add   name: 'heapdump',
47 silly cache add   rawSpec: '',
47 silly cache add   spec: 'latest',
47 silly cache add   type: 'tag' }
48 silly addNamed heapdump@latest
49 verbose addNamed "latest" is being treated as a dist-tag for heapdump
50 info addNameTag [ 'heapdump', 'latest' ]
51 silly mapToRegistry name heapdump
52 silly mapToRegistry using default registry
53 silly mapToRegistry registry https://registry.npmjs.org/
54 silly mapToRegistry data Result {
54 silly mapToRegistry   raw: 'heapdump',
54 silly mapToRegistry   scope: null,
54 silly mapToRegistry   escapedName: 'heapdump',
54 silly mapToRegistry   name: 'heapdump',
54 silly mapToRegistry   rawSpec: '',
54 silly mapToRegistry   spec: 'latest',
54 silly mapToRegistry   type: 'tag' }
55 silly mapToRegistry uri https://registry.npmjs.org/heapdump
56 verbose addNameTag registry:https://registry.npmjs.org/heapdump not in flight; fetching
57 verbose get https://registry.npmjs.org/heapdump not expired, no request
58 silly addNameTag next cb for heapdump with tag latest
59 silly addNamed heapdump@0.3.12
60 verbose addNamed "0.3.12" is a plain semver version for heapdump
61 silly cache afterAdd heapdump@0.3.12
62 verbose afterAdd C:\Users\admin\AppData\Roaming\npm-cache\heapdump\0.3.12\package\package.json not in flight; writing
63 verbose correctMkdir C:\Users\admin\AppData\Roaming\npm-cache correctMkdir not in flight; initializing
64 verbose afterAdd C:\Users\admin\AppData\Roaming\npm-cache\heapdump\0.3.12\package\package.json written
65 silly fetchNamedPackageData nan
66 silly mapToRegistry name nan
67 silly mapToRegistry using default registry
68 silly mapToRegistry registry https://registry.npmjs.org/
69 silly mapToRegistry data Result {
69 silly mapToRegistry   raw: 'nan',
69 silly mapToRegistry   scope: null,
69 silly mapToRegistry   escapedName: 'nan',
69 silly mapToRegistry   name: 'nan',
69 silly mapToRegistry   rawSpec: '',
69 silly mapToRegistry   spec: 'latest',
69 silly mapToRegistry   type: 'tag' }
70 silly mapToRegistry uri https://registry.npmjs.org/nan
71 verbose request uri https://registry.npmjs.org/nan
72 verbose request no auth needed
73 info attempt registry request try #1 at 08:14:51
74 verbose etag W/"4650c7a6353fcd42b9a9f0038b4974b4"
75 verbose lastModified Fri, 04 Jan 2019 21:15:26 GMT
76 http request GET https://registry.npmjs.org/nan
77 http 304 https://registry.npmjs.org/nan
78 verbose headers { date: 'Thu, 31 Jan 2019 00:14:52 GMT',
78 verbose headers   connection: 'keep-alive',
78 verbose headers   'set-cookie':
78 verbose headers    [ '__cfduid=d8bd646f4267021fd63dc88786649c7201548893692; expires=Fri, 31-Jan-20 00:14:52 GMT; path=/; domain=.registry.npmjs.org; HttpOnly' ],
78 verbose headers   'cf-cache-status': 'HIT',
78 verbose headers   'cache-control': 'max-age=300',
78 verbose headers   'cf-ray': '4a17fb0a5a0295e9-SJC',
78 verbose headers   etag: '"4650c7a6353fcd42b9a9f0038b4974b4"',
78 verbose headers   'expect-ct':
78 verbose headers    'max-age=604800, report-uri="https://report-uri.cloudflare.com/cdn-cgi/beacon/expect-ct"',
78 verbose headers   'last-modified': 'Fri, 04 Jan 2019 21:15:26 GMT',
78 verbose headers   vary: 'accept-encoding, accept',
78 verbose headers   'x-amz-meta-rev': '183-cd5bd2412d05a8163a77e8ec04228cfd',
78 verbose headers   server: 'cloudflare' }
79 silly get cb [ 304,
79 silly get   { date: 'Thu, 31 Jan 2019 00:14:52 GMT',
79 silly get     connection: 'keep-alive',
79 silly get     'set-cookie':
79 silly get      [ '__cfduid=d8bd646f4267021fd63dc88786649c7201548893692; expires=Fri, 31-Jan-20 00:14:52 GMT; path=/; domain=.registry.npmjs.org; HttpOnly' ],
79 silly get     'cf-cache-status': 'HIT',
79 silly get     'cache-control': 'max-age=300',
79 silly get     'cf-ray': '4a17fb0a5a0295e9-SJC',
79 silly get     etag: '"4650c7a6353fcd42b9a9f0038b4974b4"',
79 silly get     'expect-ct':
79 silly get      'max-age=604800, report-uri="https://report-uri.cloudflare.com/cdn-cgi/beacon/expect-ct"',
79 silly get     'last-modified': 'Fri, 04 Jan 2019 21:15:26 GMT',
79 silly get     vary: 'accept-encoding, accept',
79 silly get     'x-amz-meta-rev': '183-cd5bd2412d05a8163a77e8ec04228cfd',
79 silly get     server: 'cloudflare' } ]
80 verbose etag https://registry.npmjs.org/nan from cache
81 verbose get saving nan to C:\Users\admin\AppData\Roaming\npm-cache\registry.npmjs.org\nan\.cache.json
82 verbose correctMkdir C:\Users\admin\AppData\Roaming\npm-cache correctMkdir not in flight; initializing
83 silly resolveWithNewModule nan@2.12.1 checking installable status
84 silly cache add args [ 'nan@^2.11.1', null ]
85 verbose cache add spec nan@^2.11.1
86 silly cache add parsed spec Result {
86 silly cache add   raw: 'nan@^2.11.1',
86 silly cache add   scope: null,
86 silly cache add   escapedName: 'nan',
86 silly cache add   name: 'nan',
86 silly cache add   rawSpec: '^2.11.1',
86 silly cache add   spec: '>=2.11.1 <3.0.0',
86 silly cache add   type: 'range' }
87 silly addNamed nan@>=2.11.1 <3.0.0
88 verbose addNamed ">=2.11.1 <3.0.0" is a valid semver range for nan
89 silly addNameRange { name: 'nan', range: '>=2.11.1 <3.0.0', hasData: false }
90 silly mapToRegistry name nan
91 silly mapToRegistry using default registry
92 silly mapToRegistry registry https://registry.npmjs.org/
93 silly mapToRegistry data Result {
93 silly mapToRegistry   raw: 'nan',
93 silly mapToRegistry   scope: null,
93 silly mapToRegistry   escapedName: 'nan',
93 silly mapToRegistry   name: 'nan',
93 silly mapToRegistry   rawSpec: '',
93 silly mapToRegistry   spec: 'latest',
93 silly mapToRegistry   type: 'tag' }
94 silly mapToRegistry uri https://registry.npmjs.org/nan
95 verbose addNameRange registry:https://registry.npmjs.org/nan not in flight; fetching
96 verbose get https://registry.npmjs.org/nan not expired, no request
97 silly addNameRange number 2 { name: 'nan', range: '>=2.11.1 <3.0.0', hasData: true }
98 silly addNameRange versions [ 'nan',
98 silly addNameRange   [ '0.3.0-wip',
98 silly addNameRange     '0.3.0-wip2',
98 silly addNameRange     '0.3.0',
98 silly addNameRange     '0.3.1',
98 silly addNameRange     '0.3.2',
98 silly addNameRange     '0.4.0',
98 silly addNameRange     '0.4.1',
98 silly addNameRange     '0.4.2',
98 silly addNameRange     '0.4.3',
98 silly addNameRange     '0.4.4',
98 silly addNameRange     '0.5.0',
98 silly addNameRange     '0.5.1',
98 silly addNameRange     '0.5.2',
98 silly addNameRange     '0.6.0',
98 silly addNameRange     '0.7.0',
98 silly addNameRange     '0.7.1',
98 silly addNameRange     '0.8.0',
98 silly addNameRange     '1.0.0',
98 silly addNameRange     '1.1.0',
98 silly addNameRange     '1.1.1',
98 silly addNameRange     '1.1.2',
98 silly addNameRange     '1.2.0',
98 silly addNameRange     '1.3.0',
98 silly addNameRange     '1.4.0',
98 silly addNameRange     '1.4.1',
98 silly addNameRange     '1.5.0',
98 silly addNameRange     '1.4.2',
98 silly addNameRange     '1.4.3',
98 silly addNameRange     '1.5.1',
98 silly addNameRange     '1.5.2',
98 silly addNameRange     '1.6.0',
98 silly addNameRange     '1.5.3',
98 silly addNameRange     '1.6.1',
98 silly addNameRange     '1.6.2',
98 silly addNameRange     '1.7.0',
98 silly addNameRange     '1.8.0',
98 silly addNameRange     '1.8.1',
98 silly addNameRange     '1.8.2',
98 silly addNameRange     '1.8.3',
98 silly addNameRange     '1.8.4',
98 silly addNameRange     '1.9.0',
98 silly addNameRange     '2.0.0',
98 silly addNameRange     '2.0.1',
98 silly addNameRange     '2.0.2',
98 silly addNameRange     '2.0.3',
98 silly addNameRange     '2.0.4',
98 silly addNameRange     '2.0.5',
98 silly addNameRange     '2.0.6',
98 silly addNameRange     '2.0.7',
98 silly addNameRange     '2.0.8',
98 silly addNameRange     '2.0.9',
98 silly addNameRange     '2.1.0',
98 silly addNameRange     '2.2.0',
98 silly addNameRange     '2.2.1',
98 silly addNameRange     '2.3.0',
98 silly addNameRange     '2.3.1',
98 silly addNameRange     '2.3.2',
98 silly addNameRange     '2.3.3',
98 silly addNameRange     '2.3.4',
98 silly addNameRange     '2.3.5',
98 silly addNameRange     '2.4.0',
98 silly addNameRange     '2.5.0',
98 silly addNameRange     '2.5.1',
98 silly addNameRange     '2.6.0',
98 silly addNameRange     '2.6.1',
98 silly addNameRange     '2.6.2',
98 silly addNameRange     '2.7.0',
98 silly addNameRange     '2.8.0',
98 silly addNameRange     '2.9.1',
98 silly addNameRange     '2.9.2',
98 silly addNameRange     '2.10.0',
98 silly addNameRange     '2.11.0',
98 silly addNameRange     '2.11.1',
98 silly addNameRange     '2.12.0',
98 silly addNameRange     '2.12.1' ] ]
99 silly addNamed nan@2.12.1
100 verbose addNamed "2.12.1" is a plain semver version for nan
101 silly cache afterAdd nan@2.12.1
102 verbose afterAdd C:\Users\admin\AppData\Roaming\npm-cache\nan\2.12.1\package\package.json not in flight; writing
103 verbose correctMkdir C:\Users\admin\AppData\Roaming\npm-cache correctMkdir not in flight; initializing
104 verbose afterAdd C:\Users\admin\AppData\Roaming\npm-cache\nan\2.12.1\package\package.json written
105 silly loadAllDepsIntoIdealTree Finishing
106 silly loadIdealTree Finishing
107 silly currentTree memleak-debug-sample@1.0.0
107 silly currentTree +-- @types/node@10.12.19
107 silly currentTree +-- ajv@6.7.0
107 silly currentTree +-- ansi-regex@2.1.1
107 silly currentTree +-- array-find-index@1.0.2
107 silly currentTree +-- asn1@0.2.4
107 silly currentTree +-- assert-plus@1.0.0
107 silly currentTree +-- asynckit@0.4.0
107 silly currentTree +-- aws-sign2@0.7.0
107 silly currentTree +-- aws4@1.8.0
107 silly currentTree +-- bcrypt-pbkdf@1.0.2
107 silly currentTree +-- buffer-from@1.1.1
107 silly currentTree +-- builtin-modules@3.0.0
107 silly currentTree +-- camelcase-keys@2.1.0
107 silly currentTree +-- camelcase@2.1.1
107 silly currentTree +-- caseless@0.12.0
107 silly currentTree +-- code-point-at@1.1.0
107 silly currentTree +-- combined-stream@1.0.7
107 silly currentTree +-- concat-stream@1.6.2
107 silly currentTree | +-- isarray@1.0.0
107 silly currentTree | +-- readable-stream@2.3.6
107 silly currentTree | `-- string_decoder@1.1.1
107 silly currentTree +-- core-util-is@1.0.2
107 silly currentTree +-- currently-unhandled@0.4.1
107 silly currentTree +-- dashdash@1.14.1
107 silly currentTree +-- debug@3.2.6
107 silly currentTree +-- decamelize@1.2.0
107 silly currentTree +-- deep-extend@0.6.0
107 silly currentTree +-- delayed-stream@1.0.0
107 silly currentTree +-- ecc-jsbn@0.1.2
107 silly currentTree +-- electron-download@4.1.1
107 silly currentTree +-- electron@4.0.3
107 silly currentTree +-- env-paths@1.0.0
107 silly currentTree +-- error-ex@1.3.2
107 silly currentTree +-- extend@3.0.2
107 silly currentTree +-- extract-zip@1.6.7
107 silly currentTree | +-- debug@2.6.9
107 silly currentTree | `-- ms@2.0.0
107 silly currentTree +-- extsprintf@1.3.0
107 silly currentTree +-- fast-deep-equal@2.0.1
107 silly currentTree +-- fast-json-stable-stringify@2.0.0
107 silly currentTree +-- fd-slicer@1.0.1
107 silly currentTree +-- find-up@1.1.2
107 silly currentTree | `-- path-exists@2.1.0
107 silly currentTree +-- forever-agent@0.6.1
107 silly currentTree +-- form-data@2.3.3
107 silly currentTree +-- fs-extra@4.0.3
107 silly currentTree +-- get-stdin@4.0.1
107 silly currentTree +-- getpass@0.1.7
107 silly currentTree +-- graceful-fs@4.1.15
107 silly currentTree +-- har-schema@2.0.0
107 silly currentTree +-- har-validator@5.1.3
107 silly currentTree +-- hosted-git-info@2.7.1
107 silly currentTree +-- http-signature@1.2.0
107 silly currentTree +-- indent-string@2.1.0
107 silly currentTree +-- inherits@2.0.3
107 silly currentTree +-- ini@1.3.5
107 silly currentTree +-- is-arrayish@0.2.1
107 silly currentTree +-- is-builtin-module@3.0.0
107 silly currentTree +-- is-finite@1.0.2
107 silly currentTree +-- is-fullwidth-code-point@1.0.0
107 silly currentTree +-- is-typedarray@1.0.0
107 silly currentTree +-- is-utf8@0.2.1
107 silly currentTree +-- isarray@0.0.1
107 silly currentTree +-- isstream@0.1.2
107 silly currentTree +-- jsbn@0.1.1
107 silly currentTree +-- json-schema-traverse@0.4.1
107 silly currentTree +-- json-schema@0.2.3
107 silly currentTree +-- json-stringify-safe@5.0.1
107 silly currentTree +-- jsonfile@4.0.0
107 silly currentTree +-- jsprim@1.4.1
107 silly currentTree +-- load-json-file@1.1.0
107 silly currentTree +-- loud-rejection@1.6.0
107 silly currentTree +-- map-obj@1.0.1
107 silly currentTree +-- meow@3.7.0
107 silly currentTree +-- mime-db@1.37.0
107 silly currentTree +-- mime-types@2.1.21
107 silly currentTree +-- minimist@1.2.0
107 silly currentTree +-- mkdirp@0.5.1
107 silly currentTree | `-- minimist@0.0.8
107 silly currentTree +-- ms@2.1.1
107 silly currentTree +-- normalize-package-data@2.4.1
107 silly currentTree +-- nugget@2.0.1
107 silly currentTree | +-- debug@2.6.9
107 silly currentTree | `-- ms@2.0.0
107 silly currentTree +-- number-is-nan@1.0.1
107 silly currentTree +-- oauth-sign@0.9.0
107 silly currentTree +-- object-assign@4.1.1
107 silly currentTree +-- object-keys@0.4.0
107 silly currentTree +-- parse-json@2.2.0
107 silly currentTree +-- path-exists@3.0.0
107 silly currentTree +-- path-type@1.1.0
107 silly currentTree +-- pend@1.2.0
107 silly currentTree +-- performance-now@2.1.0
107 silly currentTree +-- pify@2.3.0
107 silly currentTree +-- pinkie-promise@2.0.1
107 silly currentTree +-- pinkie@2.0.4
107 silly currentTree +-- pretty-bytes@1.0.4
107 silly currentTree +-- process-nextick-args@2.0.0
107 silly currentTree +-- progress-stream@1.2.0
107 silly currentTree +-- psl@1.1.31
107 silly currentTree +-- punycode@2.1.1
107 silly currentTree +-- qs@6.5.2
107 silly currentTree +-- rc@1.2.8
107 silly currentTree +-- read-pkg-up@1.0.1
107 silly currentTree +-- read-pkg@1.1.0
107 silly currentTree +-- readable-stream@1.1.14
107 silly currentTree +-- redent@1.0.0
107 silly currentTree +-- repeating@2.0.1
107 silly currentTree +-- request@2.88.0
107 silly currentTree +-- safe-buffer@5.1.2
107 silly currentTree +-- safer-buffer@2.1.2
107 silly currentTree +-- semver@5.6.0
107 silly currentTree +-- signal-exit@3.0.2
107 silly currentTree +-- single-line-log@1.1.2
107 silly currentTree +-- spdx-correct@3.1.0
107 silly currentTree +-- spdx-exceptions@2.2.0
107 silly currentTree +-- spdx-expression-parse@3.0.0
107 silly currentTree +-- spdx-license-ids@3.0.3
107 silly currentTree +-- speedometer@0.1.4
107 silly currentTree +-- sshpk@1.16.1
107 silly currentTree +-- string_decoder@0.10.31
107 silly currentTree +-- string-width@1.0.2
107 silly currentTree +-- strip-ansi@3.0.1
107 silly currentTree +-- strip-bom@2.0.0
107 silly currentTree +-- strip-indent@1.0.1
107 silly currentTree +-- strip-json-comments@2.0.1
107 silly currentTree +-- sumchecker@2.0.2
107 silly currentTree | +-- debug@2.6.9
107 silly currentTree | `-- ms@2.0.0
107 silly currentTree +-- throttleit@0.0.2
107 silly currentTree +-- through2@0.2.3
107 silly currentTree +-- tough-cookie@2.4.3
107 silly currentTree | `-- punycode@1.4.1
107 silly currentTree +-- trim-newlines@1.0.0
107 silly currentTree +-- tunnel-agent@0.6.0
107 silly currentTree +-- tweetnacl@0.14.5
107 silly currentTree +-- typedarray@0.0.6
107 silly currentTree +-- universalify@0.1.2
107 silly currentTree +-- uri-js@4.2.2
107 silly currentTree +-- util-deprecate@1.0.2
107 silly currentTree +-- uuid@3.3.2
107 silly currentTree +-- validate-npm-package-license@3.0.4
107 silly currentTree +-- verror@1.10.0
107 silly currentTree +-- xtend@2.1.2
107 silly currentTree `-- yauzl@2.4.1
108 silly idealTree memleak-debug-sample@1.0.0
108 silly idealTree +-- @types/node@10.12.19
108 silly idealTree +-- ajv@6.7.0
108 silly idealTree +-- ansi-regex@2.1.1
108 silly idealTree +-- array-find-index@1.0.2
108 silly idealTree +-- asn1@0.2.4
108 silly idealTree +-- assert-plus@1.0.0
108 silly idealTree +-- asynckit@0.4.0
108 silly idealTree +-- aws-sign2@0.7.0
108 silly idealTree +-- aws4@1.8.0
108 silly idealTree +-- bcrypt-pbkdf@1.0.2
108 silly idealTree +-- buffer-from@1.1.1
108 silly idealTree +-- builtin-modules@3.0.0
108 silly idealTree +-- camelcase-keys@2.1.0
108 silly idealTree +-- camelcase@2.1.1
108 silly idealTree +-- caseless@0.12.0
108 silly idealTree +-- code-point-at@1.1.0
108 silly idealTree +-- combined-stream@1.0.7
108 silly idealTree +-- concat-stream@1.6.2
108 silly idealTree | +-- isarray@1.0.0
108 silly idealTree | +-- readable-stream@2.3.6
108 silly idealTree | `-- string_decoder@1.1.1
108 silly idealTree +-- core-util-is@1.0.2
108 silly idealTree +-- currently-unhandled@0.4.1
108 silly idealTree +-- dashdash@1.14.1
108 silly idealTree +-- debug@3.2.6
108 silly idealTree +-- decamelize@1.2.0
108 silly idealTree +-- deep-extend@0.6.0
108 silly idealTree +-- delayed-stream@1.0.0
108 silly idealTree +-- ecc-jsbn@0.1.2
108 silly idealTree +-- electron-download@4.1.1
108 silly idealTree +-- electron@4.0.3
108 silly idealTree +-- env-paths@1.0.0
108 silly idealTree +-- error-ex@1.3.2
108 silly idealTree +-- extend@3.0.2
108 silly idealTree +-- extract-zip@1.6.7
108 silly idealTree | +-- debug@2.6.9
108 silly idealTree | `-- ms@2.0.0
108 silly idealTree +-- extsprintf@1.3.0
108 silly idealTree +-- fast-deep-equal@2.0.1
108 silly idealTree +-- fast-json-stable-stringify@2.0.0
108 silly idealTree +-- fd-slicer@1.0.1
108 silly idealTree +-- find-up@1.1.2
108 silly idealTree | `-- path-exists@2.1.0
108 silly idealTree +-- forever-agent@0.6.1
108 silly idealTree +-- form-data@2.3.3
108 silly idealTree +-- fs-extra@4.0.3
108 silly idealTree +-- get-stdin@4.0.1
108 silly idealTree +-- getpass@0.1.7
108 silly idealTree +-- graceful-fs@4.1.15
108 silly idealTree +-- har-schema@2.0.0
108 silly idealTree +-- har-validator@5.1.3
108 silly idealTree +-- heapdump@0.3.12
108 silly idealTree +-- hosted-git-info@2.7.1
108 silly idealTree +-- http-signature@1.2.0
108 silly idealTree +-- indent-string@2.1.0
108 silly idealTree +-- inherits@2.0.3
108 silly idealTree +-- ini@1.3.5
108 silly idealTree +-- is-arrayish@0.2.1
108 silly idealTree +-- is-builtin-module@3.0.0
108 silly idealTree +-- is-finite@1.0.2
108 silly idealTree +-- is-fullwidth-code-point@1.0.0
108 silly idealTree +-- is-typedarray@1.0.0
108 silly idealTree +-- is-utf8@0.2.1
108 silly idealTree +-- isarray@0.0.1
108 silly idealTree +-- isstream@0.1.2
108 silly idealTree +-- jsbn@0.1.1
108 silly idealTree +-- json-schema-traverse@0.4.1
108 silly idealTree +-- json-schema@0.2.3
108 silly idealTree +-- json-stringify-safe@5.0.1
108 silly idealTree +-- jsonfile@4.0.0
108 silly idealTree +-- jsprim@1.4.1
108 silly idealTree +-- load-json-file@1.1.0
108 silly idealTree +-- loud-rejection@1.6.0
108 silly idealTree +-- map-obj@1.0.1
108 silly idealTree +-- meow@3.7.0
108 silly idealTree +-- mime-db@1.37.0
108 silly idealTree +-- mime-types@2.1.21
108 silly idealTree +-- minimist@1.2.0
108 silly idealTree +-- mkdirp@0.5.1
108 silly idealTree | `-- minimist@0.0.8
108 silly idealTree +-- ms@2.1.1
108 silly idealTree +-- nan@2.12.1
108 silly idealTree +-- normalize-package-data@2.4.1
108 silly idealTree +-- nugget@2.0.1
108 silly idealTree | +-- debug@2.6.9
108 silly idealTree | `-- ms@2.0.0
108 silly idealTree +-- number-is-nan@1.0.1
108 silly idealTree +-- oauth-sign@0.9.0
108 silly idealTree +-- object-assign@4.1.1
108 silly idealTree +-- object-keys@0.4.0
108 silly idealTree +-- parse-json@2.2.0
108 silly idealTree +-- path-exists@3.0.0
108 silly idealTree +-- path-type@1.1.0
108 silly idealTree +-- pend@1.2.0
108 silly idealTree +-- performance-now@2.1.0
108 silly idealTree +-- pify@2.3.0
108 silly idealTree +-- pinkie-promise@2.0.1
108 silly idealTree +-- pinkie@2.0.4
108 silly idealTree +-- pretty-bytes@1.0.4
108 silly idealTree +-- process-nextick-args@2.0.0
108 silly idealTree +-- progress-stream@1.2.0
108 silly idealTree +-- psl@1.1.31
108 silly idealTree +-- punycode@2.1.1
108 silly idealTree +-- qs@6.5.2
108 silly idealTree +-- rc@1.2.8
108 silly idealTree +-- read-pkg-up@1.0.1
108 silly idealTree +-- read-pkg@1.1.0
108 silly idealTree +-- readable-stream@1.1.14
108 silly idealTree +-- redent@1.0.0
108 silly idealTree +-- repeating@2.0.1
108 silly idealTree +-- request@2.88.0
108 silly idealTree +-- safe-buffer@5.1.2
108 silly idealTree +-- safer-buffer@2.1.2
108 silly idealTree +-- semver@5.6.0
108 silly idealTree +-- signal-exit@3.0.2
108 silly idealTree +-- single-line-log@1.1.2
108 silly idealTree +-- spdx-correct@3.1.0
108 silly idealTree +-- spdx-exceptions@2.2.0
108 silly idealTree +-- spdx-expression-parse@3.0.0
108 silly idealTree +-- spdx-license-ids@3.0.3
108 silly idealTree +-- speedometer@0.1.4
108 silly idealTree +-- sshpk@1.16.1
108 silly idealTree +-- string_decoder@0.10.31
108 silly idealTree +-- string-width@1.0.2
108 silly idealTree +-- strip-ansi@3.0.1
108 silly idealTree +-- strip-bom@2.0.0
108 silly idealTree +-- strip-indent@1.0.1
108 silly idealTree +-- strip-json-comments@2.0.1
108 silly idealTree +-- sumchecker@2.0.2
108 silly idealTree | +-- debug@2.6.9
108 silly idealTree | `-- ms@2.0.0
108 silly idealTree +-- throttleit@0.0.2
108 silly idealTree +-- through2@0.2.3
108 silly idealTree +-- tough-cookie@2.4.3
108 silly idealTree | `-- punycode@1.4.1
108 silly idealTree +-- trim-newlines@1.0.0
108 silly idealTree +-- tunnel-agent@0.6.0
108 silly idealTree +-- tweetnacl@0.14.5
108 silly idealTree +-- typedarray@0.0.6
108 silly idealTree +-- universalify@0.1.2
108 silly idealTree +-- uri-js@4.2.2
108 silly idealTree +-- util-deprecate@1.0.2
108 silly idealTree +-- uuid@3.3.2
108 silly idealTree +-- validate-npm-package-license@3.0.4
108 silly idealTree +-- verror@1.10.0
108 silly idealTree +-- xtend@2.1.2
108 silly idealTree `-- yauzl@2.4.1
109 silly generateActionsToTake Starting
110 silly install generateActionsToTake
111 silly generateActionsToTake Finishing
112 silly diffTrees action count 2
113 silly diffTrees add nan@2.12.1
114 silly diffTrees add heapdump@0.3.12
115 silly decomposeActions action count 16
116 silly decomposeActions fetch nan@2.12.1
117 silly decomposeActions extract nan@2.12.1
118 silly decomposeActions test nan@2.12.1
119 silly decomposeActions preinstall nan@2.12.1
120 silly decomposeActions build nan@2.12.1
121 silly decomposeActions install nan@2.12.1
122 silly decomposeActions postinstall nan@2.12.1
123 silly decomposeActions finalize nan@2.12.1
124 silly decomposeActions fetch heapdump@0.3.12
125 silly decomposeActions extract heapdump@0.3.12
126 silly decomposeActions test heapdump@0.3.12
127 silly decomposeActions preinstall heapdump@0.3.12
128 silly decomposeActions build heapdump@0.3.12
129 silly decomposeActions install heapdump@0.3.12
130 silly decomposeActions postinstall heapdump@0.3.12
131 silly decomposeActions finalize heapdump@0.3.12
132 silly runTopLevelLifecycles Starting
133 silly executeActions Starting
134 silly install executeActions
135 silly doSerial global-install 0
136 silly doParallel fetch 2
137 verbose correctMkdir C:\Users\admin\AppData\Roaming\npm-cache\_locks correctMkdir not in flight; initializing
138 verbose lock using C:\Users\admin\AppData\Roaming\npm-cache\_locks\staging-051df92c0483639c.lock for D:\iwork\ihome\xvar\xghq\repoch\PeanutsGroup\memleak-debug-sample\node_modules\.staging
139 silly doParallel extract 2
140 silly extract nan@2.12.1
141 silly extract heapdump@0.3.12
142 verbose unbuild node_modules\.staging\nan-37f86acd
143 verbose unbuild node_modules\.staging\heapdump-535ea970
144 silly gentlyRm D:\iwork\ihome\xvar\xghq\repoch\PeanutsGroup\memleak-debug-sample\node_modules\.staging\nan-37f86acd is being purged from base D:\iwork\ihome\xvar\xghq\repoch\PeanutsGroup\memleak-debug-sample
145 verbose gentlyRm don't care about contents; nuking D:\iwork\ihome\xvar\xghq\repoch\PeanutsGroup\memleak-debug-sample\node_modules\.staging\nan-37f86acd
146 silly gentlyRm D:\iwork\ihome\xvar\xghq\repoch\PeanutsGroup\memleak-debug-sample\node_modules\.staging\heapdump-535ea970 is being purged from base D:\iwork\ihome\xvar\xghq\repoch\PeanutsGroup\memleak-debug-sample
147 verbose gentlyRm don't care about contents; nuking D:\iwork\ihome\xvar\xghq\repoch\PeanutsGroup\memleak-debug-sample\node_modules\.staging\heapdump-535ea970
148 verbose tar unpack C:\Users\admin\AppData\Roaming\npm-cache\nan\2.12.1\package.tgz
149 verbose tar unpacking to D:\iwork\ihome\xvar\xghq\repoch\PeanutsGroup\memleak-debug-sample\node_modules\.staging\nan-37f86acd
150 silly gentlyRm D:\iwork\ihome\xvar\xghq\repoch\PeanutsGroup\memleak-debug-sample\node_modules\.staging\nan-37f86acd is being purged
151 verbose gentlyRm don't care about contents; nuking D:\iwork\ihome\xvar\xghq\repoch\PeanutsGroup\memleak-debug-sample\node_modules\.staging\nan-37f86acd
152 verbose tar unpack C:\Users\admin\AppData\Roaming\npm-cache\heapdump\0.3.12\package.tgz
153 verbose tar unpacking to D:\iwork\ihome\xvar\xghq\repoch\PeanutsGroup\memleak-debug-sample\node_modules\.staging\heapdump-535ea970
154 silly gentlyRm D:\iwork\ihome\xvar\xghq\repoch\PeanutsGroup\memleak-debug-sample\node_modules\.staging\heapdump-535ea970 is being purged
155 verbose gentlyRm don't care about contents; nuking D:\iwork\ihome\xvar\xghq\repoch\PeanutsGroup\memleak-debug-sample\node_modules\.staging\heapdump-535ea970
156 silly gunzTarPerm modes [ '777', '666' ]
157 silly gunzTarPerm modes [ '777', '666' ]
158 silly gunzTarPerm extractEntry package.json
159 silly gunzTarPerm modified mode [ 'package.json', 436, 438 ]
160 silly gunzTarPerm extractEntry package.json
161 silly gunzTarPerm modified mode [ 'package.json', 436, 438 ]
162 silly gunzTarPerm extractEntry CHANGELOG.md
163 silly gunzTarPerm modified mode [ 'CHANGELOG.md', 436, 438 ]
164 silly gunzTarPerm extractEntry .clang-format
165 silly gunzTarPerm modified mode [ '.clang-format', 436, 438 ]
166 silly gunzTarPerm extractEntry binding.gyp
167 silly gunzTarPerm modified mode [ 'binding.gyp', 436, 438 ]
168 silly gunzTarPerm extractEntry include_dirs.js
169 silly gunzTarPerm modified mode [ 'include_dirs.js', 436, 438 ]
170 silly gunzTarPerm extractEntry LICENSE.md
171 silly gunzTarPerm modified mode [ 'LICENSE.md', 436, 438 ]
172 silly gunzTarPerm extractEntry nan_callbacks_12_inl.h
173 silly gunzTarPerm modified mode [ 'nan_callbacks_12_inl.h', 436, 438 ]
174 silly gunzTarPerm extractEntry nan_callbacks_pre_12_inl.h
175 silly gunzTarPerm modified mode [ 'nan_callbacks_pre_12_inl.h', 436, 438 ]
176 silly gunzTarPerm extractEntry nan_callbacks.h
177 silly gunzTarPerm modified mode [ 'nan_callbacks.h', 436, 438 ]
178 silly gunzTarPerm extractEntry index.js
179 silly gunzTarPerm modified mode [ 'index.js', 436, 438 ]
180 silly gunzTarPerm extractEntry LICENSE
181 silly gunzTarPerm modified mode [ 'LICENSE', 436, 438 ]
182 silly gunzTarPerm extractEntry nan_converters_43_inl.h
183 silly gunzTarPerm modified mode [ 'nan_converters_43_inl.h', 436, 438 ]
184 silly gunzTarPerm extractEntry nan_converters_pre_43_inl.h
185 silly gunzTarPerm modified mode [ 'nan_converters_pre_43_inl.h', 436, 438 ]
186 silly gunzTarPerm extractEntry README.md
187 silly gunzTarPerm modified mode [ 'README.md', 436, 438 ]
188 silly gunzTarPerm extractEntry src/heapdump-posix.h
189 silly gunzTarPerm modified mode [ 'src/heapdump-posix.h', 436, 438 ]
190 silly gunzTarPerm extractEntry nan_converters.h
191 silly gunzTarPerm modified mode [ 'nan_converters.h', 436, 438 ]
192 silly gunzTarPerm extractEntry nan_define_own_property_helper.h
193 silly gunzTarPerm modified mode [ 'nan_define_own_property_helper.h', 436, 438 ]
194 silly gunzTarPerm extractEntry src/heapdump-win32.h
195 silly gunzTarPerm modified mode [ 'src/heapdump-win32.h', 436, 438 ]
196 silly gunzTarPerm extractEntry src/heapdump.cc
197 silly gunzTarPerm modified mode [ 'src/heapdump.cc', 436, 438 ]
198 silly gunzTarPerm extractEntry test/test-callback-error.js
199 silly gunzTarPerm modified mode [ 'test/test-callback-error.js', 436, 438 ]
200 silly gunzTarPerm extractEntry nan_implementation_12_inl.h
201 silly gunzTarPerm modified mode [ 'nan_implementation_12_inl.h', 436, 438 ]
202 silly gunzTarPerm extractEntry nan_implementation_pre_12_inl.h
203 silly gunzTarPerm modified mode [ 'nan_implementation_pre_12_inl.h', 436, 438 ]
204 silly gunzTarPerm extractEntry nan_json.h
205 silly gunzTarPerm modified mode [ 'nan_json.h', 436, 438 ]
206 silly gunzTarPerm extractEntry nan_maybe_43_inl.h
207 silly gunzTarPerm modified mode [ 'nan_maybe_43_inl.h', 436, 438 ]
208 silly gunzTarPerm extractEntry test/test-callback-without-filename.js
209 silly gunzTarPerm modified mode [ 'test/test-callback-without-filename.js', 436, 438 ]
210 silly gunzTarPerm extractEntry test/test-callback.js
211 silly gunzTarPerm modified mode [ 'test/test-callback.js', 436, 438 ]
212 silly gunzTarPerm extractEntry nan_maybe_pre_43_inl.h
213 silly gunzTarPerm modified mode [ 'nan_maybe_pre_43_inl.h', 436, 438 ]
214 silly gunzTarPerm extractEntry nan_new.h
215 silly gunzTarPerm modified mode [ 'nan_new.h', 436, 438 ]
216 silly gunzTarPerm extractEntry nan_object_wrap.h
217 silly gunzTarPerm modified mode [ 'nan_object_wrap.h', 436, 438 ]
218 silly gunzTarPerm extractEntry test/test-sigusr2.js
219 silly gunzTarPerm modified mode [ 'test/test-sigusr2.js', 436, 438 ]
220 silly gunzTarPerm extractEntry nan_persistent_12_inl.h
221 silly gunzTarPerm modified mode [ 'nan_persistent_12_inl.h', 436, 438 ]
222 silly gunzTarPerm extractEntry nan_persistent_pre_12_inl.h
223 silly gunzTarPerm modified mode [ 'nan_persistent_pre_12_inl.h', 436, 438 ]
224 silly gunzTarPerm extractEntry nan_private.h
225 silly gunzTarPerm modified mode [ 'nan_private.h', 436, 438 ]
226 silly gunzTarPerm extractEntry nan_string_bytes.h
227 silly gunzTarPerm modified mode [ 'nan_string_bytes.h', 436, 438 ]
228 silly gunzTarPerm extractEntry nan_typedarray_contents.h
229 silly gunzTarPerm modified mode [ 'nan_typedarray_contents.h', 436, 438 ]
230 silly gunzTarPerm extractEntry nan_weak.h
231 silly gunzTarPerm modified mode [ 'nan_weak.h', 436, 438 ]
232 silly gunzTarPerm extractEntry nan.h
233 silly gunzTarPerm modified mode [ 'nan.h', 436, 438 ]
234 silly gunzTarPerm extractEntry README.md
235 silly gunzTarPerm modified mode [ 'README.md', 436, 438 ]
236 silly gunzTarPerm extractEntry doc/asyncworker.md
237 silly gunzTarPerm modified mode [ 'doc/asyncworker.md', 436, 438 ]
238 silly gunzTarPerm extractEntry doc/buffers.md
239 silly gunzTarPerm modified mode [ 'doc/buffers.md', 436, 438 ]
240 silly gunzTarPerm extractEntry doc/callback.md
241 silly gunzTarPerm modified mode [ 'doc/callback.md', 436, 438 ]
242 silly gunzTarPerm extractEntry doc/converters.md
243 silly gunzTarPerm modified mode [ 'doc/converters.md', 436, 438 ]
244 silly gunzTarPerm extractEntry doc/errors.md
245 silly gunzTarPerm modified mode [ 'doc/errors.md', 436, 438 ]
246 silly gunzTarPerm extractEntry doc/json.md
247 silly gunzTarPerm modified mode [ 'doc/json.md', 436, 438 ]
248 silly gunzTarPerm extractEntry doc/maybe_types.md
249 silly gunzTarPerm modified mode [ 'doc/maybe_types.md', 436, 438 ]
250 silly gunzTarPerm extractEntry doc/methods.md
251 silly gunzTarPerm modified mode [ 'doc/methods.md', 436, 438 ]
252 silly gunzTarPerm extractEntry doc/new.md
253 silly gunzTarPerm modified mode [ 'doc/new.md', 436, 438 ]
254 silly gunzTarPerm extractEntry doc/node_misc.md
255 silly gunzTarPerm modified mode [ 'doc/node_misc.md', 436, 438 ]
256 silly gunzTarPerm extractEntry doc/object_wrappers.md
257 silly gunzTarPerm modified mode [ 'doc/object_wrappers.md', 436, 438 ]
258 silly gunzTarPerm extractEntry doc/persistent.md
259 silly gunzTarPerm modified mode [ 'doc/persistent.md', 436, 438 ]
260 silly gunzTarPerm extractEntry doc/scopes.md
261 silly gunzTarPerm modified mode [ 'doc/scopes.md', 436, 438 ]
262 silly gunzTarPerm extractEntry doc/script.md
263 silly gunzTarPerm modified mode [ 'doc/script.md', 436, 438 ]
264 silly gunzTarPerm extractEntry doc/string_bytes.md
265 silly gunzTarPerm modified mode [ 'doc/string_bytes.md', 436, 438 ]
266 silly gunzTarPerm extractEntry doc/v8_internals.md
267 silly gunzTarPerm modified mode [ 'doc/v8_internals.md', 436, 438 ]
268 silly gunzTarPerm extractEntry doc/v8_misc.md
269 silly gunzTarPerm modified mode [ 'doc/v8_misc.md', 436, 438 ]
270 silly gunzTarPerm extractEntry tools/1to2.js
271 silly gunzTarPerm modified mode [ 'tools/1to2.js', 509, 511 ]
272 silly gunzTarPerm extractEntry tools/package.json
273 silly gunzTarPerm modified mode [ 'tools/package.json', 436, 438 ]
274 silly gunzTarPerm extractEntry tools/README.md
275 silly gunzTarPerm modified mode [ 'tools/README.md', 436, 438 ]
276 silly gentlyRm D:\iwork\ihome\xvar\xghq\repoch\PeanutsGroup\memleak-debug-sample\node_modules\.staging\heapdump-535ea970\node_modules is being purged
277 verbose gentlyRm don't care about contents; nuking D:\iwork\ihome\xvar\xghq\repoch\PeanutsGroup\memleak-debug-sample\node_modules\.staging\heapdump-535ea970\node_modules
278 silly gentlyRm D:\iwork\ihome\xvar\xghq\repoch\PeanutsGroup\memleak-debug-sample\node_modules\.staging\nan-37f86acd\node_modules is being purged
279 verbose gentlyRm don't care about contents; nuking D:\iwork\ihome\xvar\xghq\repoch\PeanutsGroup\memleak-debug-sample\node_modules\.staging\nan-37f86acd\node_modules
280 silly doParallel preinstall 2
281 silly preinstall nan@2.12.1
282 info lifecycle nan@2.12.1~preinstall: nan@2.12.1
283 silly preinstall heapdump@0.3.12
284 info lifecycle heapdump@0.3.12~preinstall: heapdump@0.3.12
285 warn lifecycle The node binary used for scripts is C:\Program Files (x86)\Nodist\bin\node.exe but npm is using C:\Program Files (x86)\Nodist\v-x64\10.15.1\node.exe itself. Use the `--scripts-prepend-node-path` option to include the path for the node binary npm was executed with.
286 silly lifecycle nan@2.12.1~preinstall: no script for preinstall, continuing
287 silly lifecycle heapdump@0.3.12~preinstall: no script for preinstall, continuing
288 silly doReverseSerial remove 0
289 silly doSerial move 0
290 silly doSerial finalize 2
291 silly finalize D:\iwork\ihome\xvar\xghq\repoch\PeanutsGroup\memleak-debug-sample\node_modules\nan
292 silly finalize D:\iwork\ihome\xvar\xghq\repoch\PeanutsGroup\memleak-debug-sample\node_modules\heapdump
293 silly doSerial build 2
294 silly build nan@2.12.1
295 info linkStuff nan@2.12.1
296 silly linkStuff nan@2.12.1 has D:\iwork\ihome\xvar\xghq\repoch\PeanutsGroup\memleak-debug-sample\node_modules as its parent node_modules
297 verbose linkBins nan@2.12.1
298 verbose linkMans nan@2.12.1
299 silly build heapdump@0.3.12
300 info linkStuff heapdump@0.3.12
301 silly linkStuff heapdump@0.3.12 has D:\iwork\ihome\xvar\xghq\repoch\PeanutsGroup\memleak-debug-sample\node_modules as its parent node_modules
302 verbose linkBins heapdump@0.3.12
303 verbose linkMans heapdump@0.3.12
304 silly doSerial global-link 0
305 silly doParallel update-linked 0
306 silly doSerial install 2
307 silly install nan@2.12.1
308 info lifecycle nan@2.12.1~install: nan@2.12.1
309 silly lifecycle nan@2.12.1~install: no script for install, continuing
310 silly install heapdump@0.3.12
311 info lifecycle heapdump@0.3.12~install: heapdump@0.3.12
312 verbose lifecycle heapdump@0.3.12~install: unsafe-perm in lifecycle true
313 verbose lifecycle heapdump@0.3.12~install: PATH: C:\Program Files (x86)\Nodist\npmv\4.0.5\bin\node-gyp-bin;D:\iwork\ihome\xvar\xghq\repoch\PeanutsGroup\memleak-debug-sample\node_modules\heapdump\node_modules\.bin;D:\iwork\ihome\xvar\xghq\repoch\PeanutsGroup\memleak-debug-sample\node_modules\.bin;C:\Python27\;C:\Python27\Scripts;C:\Python37\Scripts\;C:\Python37\;C:\Program Files (x86)\Common Files\Oracle\Java\javapath;C:\Program Files\Docker\Docker\Resources\bin;C:\WINDOWS\system32;C:\WINDOWS;C:\WINDOWS\System32\Wbem;C:\WINDOWS\System32\WindowsPowerShell\v1.0\;C:\Program Files\Pan Iflytek;C:\ProgramData\chocolatey\bin;C:\Program Files\Microsoft VS Code\bin;C:\Program Files\Git\cmd;C:\Program Files\TortoiseSVN\bin;C:\WINDOWS\System32\OpenSSH\;C:\Program Files (x86)\Nodist\bin;C:\Program Files (x86)\Windows Kits\10\Windows Performance Toolkit\;C:\Users\admin\AppData\Local\Microsoft\WindowsApps;C:\tools\cmder;D:\iwork\software\xbin;C:\Program Files\Java\jdk1.8.0_191\bin;
314 verbose lifecycle heapdump@0.3.12~install: CWD: D:\iwork\ihome\xvar\xghq\repoch\PeanutsGroup\memleak-debug-sample\node_modules\heapdump
315 silly lifecycle heapdump@0.3.12~install: Args: [ '/d /s /c', 'node-gyp rebuild' ]
316 silly lifecycle heapdump@0.3.12~install: Returned: code: 1  signal: null
317 info lifecycle heapdump@0.3.12~install: Failed to exec install script
318 verbose unlock done using C:\Users\admin\AppData\Roaming\npm-cache\_locks\staging-051df92c0483639c.lock for D:\iwork\ihome\xvar\xghq\repoch\PeanutsGroup\memleak-debug-sample\node_modules\.staging
319 silly rollbackFailedOptional Starting
320 silly gentlyRm D:\iwork\ihome\xvar\xghq\repoch\PeanutsGroup\memleak-debug-sample\node_modules\nan is being purged from base D:\iwork\ihome\xvar\xghq\repoch\PeanutsGroup\memleak-debug-sample
321 verbose gentlyRm don't care about contents; nuking D:\iwork\ihome\xvar\xghq\repoch\PeanutsGroup\memleak-debug-sample\node_modules\nan
322 silly gentlyRm D:\iwork\ihome\xvar\xghq\repoch\PeanutsGroup\memleak-debug-sample\node_modules\nan is being purged from base D:\iwork\ihome\xvar\xghq\repoch\PeanutsGroup\memleak-debug-sample
323 verbose gentlyRm don't care about contents; nuking D:\iwork\ihome\xvar\xghq\repoch\PeanutsGroup\memleak-debug-sample\node_modules\nan
324 silly gentlyRm D:\iwork\ihome\xvar\xghq\repoch\PeanutsGroup\memleak-debug-sample\node_modules\nan is being purged from base D:\iwork\ihome\xvar\xghq\repoch\PeanutsGroup\memleak-debug-sample
325 verbose gentlyRm don't care about contents; nuking D:\iwork\ihome\xvar\xghq\repoch\PeanutsGroup\memleak-debug-sample\node_modules\nan
326 silly gentlyRm D:\iwork\ihome\xvar\xghq\repoch\PeanutsGroup\memleak-debug-sample\node_modules\nan is being purged from base D:\iwork\ihome\xvar\xghq\repoch\PeanutsGroup\memleak-debug-sample
327 verbose gentlyRm don't care about contents; nuking D:\iwork\ihome\xvar\xghq\repoch\PeanutsGroup\memleak-debug-sample\node_modules\nan
328 silly gentlyRm D:\iwork\ihome\xvar\xghq\repoch\PeanutsGroup\memleak-debug-sample\node_modules\nan is being purged from base D:\iwork\ihome\xvar\xghq\repoch\PeanutsGroup\memleak-debug-sample
329 verbose gentlyRm don't care about contents; nuking D:\iwork\ihome\xvar\xghq\repoch\PeanutsGroup\memleak-debug-sample\node_modules\nan
330 silly gentlyRm D:\iwork\ihome\xvar\xghq\repoch\PeanutsGroup\memleak-debug-sample\node_modules\nan is being purged from base D:\iwork\ihome\xvar\xghq\repoch\PeanutsGroup\memleak-debug-sample
331 verbose gentlyRm don't care about contents; nuking D:\iwork\ihome\xvar\xghq\repoch\PeanutsGroup\memleak-debug-sample\node_modules\nan
332 silly gentlyRm D:\iwork\ihome\xvar\xghq\repoch\PeanutsGroup\memleak-debug-sample\node_modules\nan is being purged from base D:\iwork\ihome\xvar\xghq\repoch\PeanutsGroup\memleak-debug-sample
333 verbose gentlyRm don't care about contents; nuking D:\iwork\ihome\xvar\xghq\repoch\PeanutsGroup\memleak-debug-sample\node_modules\nan
334 silly gentlyRm D:\iwork\ihome\xvar\xghq\repoch\PeanutsGroup\memleak-debug-sample\node_modules\nan is being purged from base D:\iwork\ihome\xvar\xghq\repoch\PeanutsGroup\memleak-debug-sample
335 verbose gentlyRm don't care about contents; nuking D:\iwork\ihome\xvar\xghq\repoch\PeanutsGroup\memleak-debug-sample\node_modules\nan
336 silly gentlyRm D:\iwork\ihome\xvar\xghq\repoch\PeanutsGroup\memleak-debug-sample\node_modules\heapdump is being purged from base D:\iwork\ihome\xvar\xghq\repoch\PeanutsGroup\memleak-debug-sample
337 verbose gentlyRm don't care about contents; nuking D:\iwork\ihome\xvar\xghq\repoch\PeanutsGroup\memleak-debug-sample\node_modules\heapdump
338 silly gentlyRm D:\iwork\ihome\xvar\xghq\repoch\PeanutsGroup\memleak-debug-sample\node_modules\heapdump is being purged from base D:\iwork\ihome\xvar\xghq\repoch\PeanutsGroup\memleak-debug-sample
339 verbose gentlyRm don't care about contents; nuking D:\iwork\ihome\xvar\xghq\repoch\PeanutsGroup\memleak-debug-sample\node_modules\heapdump
340 silly gentlyRm D:\iwork\ihome\xvar\xghq\repoch\PeanutsGroup\memleak-debug-sample\node_modules\heapdump is being purged from base D:\iwork\ihome\xvar\xghq\repoch\PeanutsGroup\memleak-debug-sample
341 verbose gentlyRm don't care about contents; nuking D:\iwork\ihome\xvar\xghq\repoch\PeanutsGroup\memleak-debug-sample\node_modules\heapdump
342 silly gentlyRm D:\iwork\ihome\xvar\xghq\repoch\PeanutsGroup\memleak-debug-sample\node_modules\heapdump is being purged from base D:\iwork\ihome\xvar\xghq\repoch\PeanutsGroup\memleak-debug-sample
343 verbose gentlyRm don't care about contents; nuking D:\iwork\ihome\xvar\xghq\repoch\PeanutsGroup\memleak-debug-sample\node_modules\heapdump
344 silly gentlyRm D:\iwork\ihome\xvar\xghq\repoch\PeanutsGroup\memleak-debug-sample\node_modules\heapdump is being purged from base D:\iwork\ihome\xvar\xghq\repoch\PeanutsGroup\memleak-debug-sample
345 verbose gentlyRm don't care about contents; nuking D:\iwork\ihome\xvar\xghq\repoch\PeanutsGroup\memleak-debug-sample\node_modules\heapdump
346 silly gentlyRm D:\iwork\ihome\xvar\xghq\repoch\PeanutsGroup\memleak-debug-sample\node_modules\heapdump is being purged from base D:\iwork\ihome\xvar\xghq\repoch\PeanutsGroup\memleak-debug-sample
347 verbose gentlyRm don't care about contents; nuking D:\iwork\ihome\xvar\xghq\repoch\PeanutsGroup\memleak-debug-sample\node_modules\heapdump
348 silly gentlyRm D:\iwork\ihome\xvar\xghq\repoch\PeanutsGroup\memleak-debug-sample\node_modules\heapdump is being purged from base D:\iwork\ihome\xvar\xghq\repoch\PeanutsGroup\memleak-debug-sample
349 verbose gentlyRm don't care about contents; nuking D:\iwork\ihome\xvar\xghq\repoch\PeanutsGroup\memleak-debug-sample\node_modules\heapdump
350 silly gentlyRm D:\iwork\ihome\xvar\xghq\repoch\PeanutsGroup\memleak-debug-sample\node_modules\heapdump is being purged from base D:\iwork\ihome\xvar\xghq\repoch\PeanutsGroup\memleak-debug-sample
351 verbose gentlyRm don't care about contents; nuking D:\iwork\ihome\xvar\xghq\repoch\PeanutsGroup\memleak-debug-sample\node_modules\heapdump
352 silly vacuum-fs purging D:\iwork\ihome\xvar\xghq\repoch\PeanutsGroup\memleak-debug-sample\node_modules\nan
353 silly vacuum-fs purging D:\iwork\ihome\xvar\xghq\repoch\PeanutsGroup\memleak-debug-sample\node_modules\nan
354 silly vacuum-fs purging D:\iwork\ihome\xvar\xghq\repoch\PeanutsGroup\memleak-debug-sample\node_modules\nan
355 silly vacuum-fs purging D:\iwork\ihome\xvar\xghq\repoch\PeanutsGroup\memleak-debug-sample\node_modules\nan
356 silly vacuum-fs purging D:\iwork\ihome\xvar\xghq\repoch\PeanutsGroup\memleak-debug-sample\node_modules\nan
357 silly vacuum-fs purging D:\iwork\ihome\xvar\xghq\repoch\PeanutsGroup\memleak-debug-sample\node_modules\nan
358 silly vacuum-fs purging D:\iwork\ihome\xvar\xghq\repoch\PeanutsGroup\memleak-debug-sample\node_modules\nan
359 silly vacuum-fs purging D:\iwork\ihome\xvar\xghq\repoch\PeanutsGroup\memleak-debug-sample\node_modules\nan
360 silly vacuum-fs purging D:\iwork\ihome\xvar\xghq\repoch\PeanutsGroup\memleak-debug-sample\node_modules\heapdump
361 silly vacuum-fs purging D:\iwork\ihome\xvar\xghq\repoch\PeanutsGroup\memleak-debug-sample\node_modules\heapdump
362 silly vacuum-fs purging D:\iwork\ihome\xvar\xghq\repoch\PeanutsGroup\memleak-debug-sample\node_modules\heapdump
363 silly vacuum-fs purging D:\iwork\ihome\xvar\xghq\repoch\PeanutsGroup\memleak-debug-sample\node_modules\heapdump
364 silly vacuum-fs purging D:\iwork\ihome\xvar\xghq\repoch\PeanutsGroup\memleak-debug-sample\node_modules\heapdump
365 silly vacuum-fs purging D:\iwork\ihome\xvar\xghq\repoch\PeanutsGroup\memleak-debug-sample\node_modules\heapdump
366 silly vacuum-fs purging D:\iwork\ihome\xvar\xghq\repoch\PeanutsGroup\memleak-debug-sample\node_modules\heapdump
367 silly vacuum-fs purging D:\iwork\ihome\xvar\xghq\repoch\PeanutsGroup\memleak-debug-sample\node_modules\heapdump
368 silly vacuum-fs quitting because other entries in D:\iwork\ihome\xvar\xghq\repoch\PeanutsGroup\memleak-debug-sample\node_modules
369 silly vacuum-fs quitting because other entries in D:\iwork\ihome\xvar\xghq\repoch\PeanutsGroup\memleak-debug-sample\node_modules
370 silly vacuum-fs quitting because other entries in D:\iwork\ihome\xvar\xghq\repoch\PeanutsGroup\memleak-debug-sample\node_modules
371 silly vacuum-fs quitting because other entries in D:\iwork\ihome\xvar\xghq\repoch\PeanutsGroup\memleak-debug-sample\node_modules
372 silly vacuum-fs quitting because other entries in D:\iwork\ihome\xvar\xghq\repoch\PeanutsGroup\memleak-debug-sample\node_modules
373 silly vacuum-fs quitting because other entries in D:\iwork\ihome\xvar\xghq\repoch\PeanutsGroup\memleak-debug-sample\node_modules
374 silly vacuum-fs quitting because other entries in D:\iwork\ihome\xvar\xghq\repoch\PeanutsGroup\memleak-debug-sample\node_modules
375 silly vacuum-fs quitting because other entries in D:\iwork\ihome\xvar\xghq\repoch\PeanutsGroup\memleak-debug-sample\node_modules
376 silly vacuum-fs quitting because other entries in D:\iwork\ihome\xvar\xghq\repoch\PeanutsGroup\memleak-debug-sample\node_modules
377 silly vacuum-fs quitting because other entries in D:\iwork\ihome\xvar\xghq\repoch\PeanutsGroup\memleak-debug-sample\node_modules
378 silly vacuum-fs quitting because other entries in D:\iwork\ihome\xvar\xghq\repoch\PeanutsGroup\memleak-debug-sample\node_modules
379 silly vacuum-fs quitting because other entries in D:\iwork\ihome\xvar\xghq\repoch\PeanutsGroup\memleak-debug-sample\node_modules
380 silly vacuum-fs quitting because other entries in D:\iwork\ihome\xvar\xghq\repoch\PeanutsGroup\memleak-debug-sample\node_modules
381 silly vacuum-fs quitting because other entries in D:\iwork\ihome\xvar\xghq\repoch\PeanutsGroup\memleak-debug-sample\node_modules
382 silly vacuum-fs quitting because other entries in D:\iwork\ihome\xvar\xghq\repoch\PeanutsGroup\memleak-debug-sample\node_modules
383 silly vacuum-fs quitting because other entries in D:\iwork\ihome\xvar\xghq\repoch\PeanutsGroup\memleak-debug-sample\node_modules
384 silly rollbackFailedOptional Finishing
385 silly runTopLevelLifecycles Finishing
386 silly install printInstalled
387 verbose stack Error: heapdump@0.3.12 install: `node-gyp rebuild`
387 verbose stack Exit status 1
387 verbose stack     at EventEmitter.<anonymous> (C:\Program Files (x86)\Nodist\npmv\4.0.5\lib\utils\lifecycle.js:279:16)
387 verbose stack     at EventEmitter.emit (events.js:189:13)
387 verbose stack     at ChildProcess.<anonymous> (C:\Program Files (x86)\Nodist\npmv\4.0.5\lib\utils\spawn.js:40:14)
387 verbose stack     at ChildProcess.emit (events.js:189:13)
387 verbose stack     at maybeClose (internal/child_process.js:970:16)
387 verbose stack     at Process.ChildProcess._handle.onexit (internal/child_process.js:259:5)
388 verbose pkgid heapdump@0.3.12
389 verbose cwd D:\iwork\ihome\xvar\xghq\repoch\PeanutsGroup\memleak-debug-sample
390 error Windows_NT 10.0.17134
391 error argv "C:\\Program Files (x86)\\Nodist\\v-x64\\10.15.1\\node.exe" "C:\\Program Files (x86)\\Nodist\\npmv\\4.0.5\\bin\\npm-cli.js" "install" "--save" "heapdump"
392 error node v10.15.1
393 error npm  v4.0.5
394 error code ELIFECYCLE
395 error heapdump@0.3.12 install: `node-gyp rebuild`
395 error Exit status 1
396 error Failed at the heapdump@0.3.12 install script 'node-gyp rebuild'.
396 error Make sure you have the latest version of node.js and npm installed.
396 error If you do, this is most likely a problem with the heapdump package,
396 error not with npm itself.
396 error Tell the author that this fails on your system:
396 error     node-gyp rebuild
396 error You can get information on how to open an issue for this project with:
396 error     npm bugs heapdump
396 error Or if that isn't available, you can get their info via:
396 error     npm owner ls heapdump
396 error There is likely additional logging output above.
397 verbose exit [ 1, true ]
